
============================================================
2026-06-10T21:44:17.768638
🔔 NSP - National Scholarship Portal (Home)
https://scholarships.gov.in/

New/changed content:
• Apply For Scholarship
• List of Applicants Processed for Scholarships
• Scholarship

============================================================
2026-06-10T22:02:17.899450
🎓 NSP Scheme Update
https://scholarships.gov.in/All-Scholarships

🟢 APPLICATION OPEN (live now!): Prime Minister'S Scholarship Scheme For Wards Of States/UTs Police Personnel Martyred During Terror/Naxal Attacks (Merit Based Scheme) [Ministry of Home Affairs] — apply till 31-10-2026

📅 Deadline changed: AICTE - Pragati Scholarship Scheme For Girl Students ( Technical Diploma) (Merit Based Scheme) [All India Council For Technical Education] — was 30-09-2026, now 31-10-2026

🆕 NEW scheme on NSP: Prime Minister'S Scholarship Scheme For Ministry Of Railways (Merit Based Scheme) [Ministry of Railways (Railway Board)] — application OPEN till 31-10-2026

============================================================
2026-06-11T10:09:25.833204
Test alert: production-ready check

============================================================
2026-06-11T10:24:05.079569
Test alert from your Scholarship Watcher!

If you are reading this in your inbox, email alerts are working.
From now on, any scholarship/internship update on your watched sites will arrive like this.

============================================================
2026-06-11T10:28:22.732712
🔔 PM Internship Scheme (MCA)
https://pminternship.mca.gov.in/

New/changed content:
• No matching internships found
• We couldn’t find internships matching your preferences.

============================================================
2026-06-11T10:28:28.261338
🔔 AICTE Internship Portal
https://internship.aicte-india.org/

New/changed content:
• 1 Crore Internship By 2027 | 79,57,193+ Internships | 82093 Companies

============================================================
2026-06-11T10:28:56.823562
🔔 ICMR - Indian Council of Medical Research
https://www.icmr.gov.in/

New/changed content:
• Result for the post of Assistant reference to the Advertisement No. ICMR-NIN/Admin/DR/Assistant/01/2024-25 dt. 18-02-2025 at ICMR-NIN, Hyderabad

============================================================
2026-06-11T10:30:44.451309
Test alert from your Scholarship Watcher!

If you are reading this in your inbox, email alerts are working.
From now on, any scholarship/internship update on your watched sites will arrive like this.

============================================================
2026-06-11T10:32:00.925822
🔔 PM Internship Scheme (MCA)
https://pminternship.mca.gov.in/

New/changed content:
• Industry - Internship Posting (Regular/Camp)
• How to apply for internships (English)
• How to apply for internships (Hindi)
• How to check and apply for Aadhaar Seeding (English)
• How to check and apply for Aadhaar Seeding (Hindi)
• How to find internships (English)
• How to find internships (Hindi)
• Internship Trainee

============================================================
2026-06-11T10:36:29.353074
Test alert from your Scholarship Watcher!

If you are reading this in your inbox, email alerts are working.
From now on, any scholarship/internship update on your watched sites will arrive like this.

============================================================
2026-06-11T10:39:56.428638
🔔 PM Internship Scheme (MCA)
https://pminternship.mca.gov.in/

New/changed content:
• No matching internships found
• We couldn’t find internships matching your preferences.

============================================================
2026-06-11T10:45:33.078729
🔔 Buddy4Study - Latest Scholarships

New/changed content:

• Select the scholarship according to your need and preference

• Scholarships for Indian Students

• IDFC First Bank MBA Scholarship Program 2026-28
  👉 https://www.buddy4study.com/page/idfc-first-bank-mba-scholarship

• Buddy4Study India Foundation Scholarship for Class 11 & 12 students
  👉 https://www.buddy4study.com/scholarship/b4sif

Source page: https://www.buddy4study.com/scholarships

============================================================
2026-06-11T10:52:52.877462
🔔 PM Internship Scheme (MCA)

New/changed content:

• Industry - Internship Posting (Regular/Camp)
  👉 https://pminternship.mca.gov.in/mca-api/files/get-file-by-path?path=aSrbteHR4TC8bcevJxKPNGJwNBuuGTSgOYLxJalK65609ntKwrUSjGod1WAXOswKTC2PgYxD4nzElxXZAO1bqNQONE4qI7B%2FZTjaSnBsjuWfRj92JhGvzdttBrqMEcxYfLt3KLKAw7lfBSRmO2Z3E1GuXL5mNbIKTAnaiI9CGooqRRyVPSHTpPl3

• How to apply for internships (English)
  👉 https://youtu.be/d9Ed5M12vYs

• How to apply for internships (Hindi)
  👉 https://youtu.be/udvIDJy4jqQ

• How to check and apply for Aadhaar Seeding (English)
  👉 https://youtu.be/gpTRgqshxek

• How to check and apply for Aadhaar Seeding (Hindi)
  👉 https://youtu.be/Hq-w9a7jD5k

• How to find internships (English)
  👉 https://youtu.be/-bRvoiE5OZo

• How to find internships (Hindi)
  👉 https://youtu.be/buighz42WJ8

• Internship Trainee

Source page: https://pminternship.mca.gov.in/

============================================================
2026-06-11T10:58:58.855337
🔔 UP Scholarship Portal

📰 [Update] Scholarship and Fee Reimbursement Online System

Source page: https://scholarship.up.gov.in/

============================================================
2026-06-11T12:48:55.357962
🟢 Test Scholarship Portal

🟢 [Application window OPEN] Registrations Open for Test Scholarship 2026

Source page: https://example.gov.in/

============================================================
2026-06-11T12:48:55.357962
📅 Another Portal

📅 [Deadline / last date] Last date extended to 31-07-2026

Source page: https://example2.gov.in/

============================================================
2026-06-11T11:59:29.479273
🔔 AICTE Internship Portal

🆕 [New scheme announced] 1 Crore Internship By 2027 | 79,57,193+ Internships | 82094 Companies

Source page: https://internship.aicte-india.org/

============================================================
2026-06-11T16:04:38.473528
🔔 AICTE Internship Portal

🆕 [New scheme announced] 1 Crore Internship By 2027 | 79,57,193+ Internships | 82097 Companies

Source page: https://internship.aicte-india.org/

============================================================
2026-06-11T20:27:11.813141
🔔 AICTE Internship Portal

🆕 [New scheme announced] 1 Crore Internship By 2027 | 79,57,193+ Internships | 82101 Companies

Source page: https://internship.aicte-india.org/

============================================================
2026-06-11T22:59:33.924795
🔔 AICTE Internship Portal

🆕 [New scheme announced] 1 Crore Internship By 2027 | 79,57,193+ Internships | 82102 Companies

Source page: https://internship.aicte-india.org/

============================================================
2026-06-12T03:47:57.948658
🔔 AICTE Internship Portal

🆕 [New scheme announced] 1 Crore Internship By 2027 | 79,57,193+ Internships | 82104 Companies

Source page: https://internship.aicte-india.org/

============================================================
2026-06-12T10:16:22.044008
🔔 AICTE Internship Portal

🆕 [New scheme announced] 1 Crore Internship By 2027 | 79,57,193+ Internships | 82108 Companies

Source page: https://internship.aicte-india.org/

============================================================
2026-06-12T10:18:24.346626
🔔 ICMR - Indian Council of Medical Research

📅 [Deadline / last date] Public Consultation: Inviting feedback on Draft ICMR Ethical Guidance for Non-Regulatory Clinical Trials (NRCTs) (Last Date: July 24, 2026 (5:00 PM)
   👉 https://www.icmr.gov.in/post/public-consultation-inviting-feedback-on-draft-icmr-ethical-guidance-for-non-regulatory-clinical-trials-nrcts-last-date-july-24-2026-5-00-pm

Source page: https://www.icmr.gov.in/

============================================================
2026-06-12T15:02:11.895339
🔔 AICTE Internship Portal

🆕 [New scheme announced] 1 Crore Internship By 2027 | 79,57,193+ Internships | 82112 Companies

Source page: https://internship.aicte-india.org/

============================================================
2026-06-12T17:46:05.074216
🔔 AICTE Internship Portal

🆕 [New scheme announced] 1 Crore Internship By 2027 | 79,57,193+ Internships | 82113 Companies

Source page: https://internship.aicte-india.org/

============================================================
2026-06-12T22:32:24.525048
🔔 AICTE Internship Portal

🆕 [New scheme announced] 1 Crore Internship By 2027 | 79,57,193+ Internships | 82114 Companies

Source page: https://internship.aicte-india.org/

============================================================
2026-06-13T09:04:12.559216
🔔 AICTE Internship Portal

🆕 [New scheme announced] 1 Crore Internship By 2027 | 79,57,193+ Internships | 82116 Companies

Source page: https://internship.aicte-india.org/

============================================================
2026-06-13T11:22:46.887941
🔔 AICTE Internship Portal

🆕 [New scheme announced] 1 Crore Internship By 2027 | 79,57,193+ Internships | 82119 Companies

Source page: https://internship.aicte-india.org/

============================================================
2026-06-13T14:01:35.541744
🔔 AICTE Internship Portal

🆕 [New scheme announced] 1 Crore Internship By 2027 | 79,57,193+ Internships | 82121 Companies

Source page: https://internship.aicte-india.org/

============================================================
2026-06-13T16:21:51.625479
🔔 AICTE Internship Portal

🆕 [New scheme announced] 1 Crore Internship By 2027 | 79,57,193+ Internships | 82123 Companies

Source page: https://internship.aicte-india.org/

============================================================
2026-06-13T19:31:02.310483
🔔 AICTE Internship Portal

🆕 [New scheme announced] 1 Crore Internship By 2027 | 79,57,193+ Internships | 82127 Companies

Source page: https://internship.aicte-india.org/

============================================================
2026-06-13T22:11:13.518769
🔔 AICTE Internship Portal

🆕 [New scheme announced] 1 Crore Internship By 2027 | 79,57,193+ Internships | 82129 Companies

Source page: https://internship.aicte-india.org/

============================================================
2026-06-14T03:51:49.137242
🔔 AICTE Internship Portal

🆕 [New scheme announced] 1 Crore Internship By 2027 | 79,57,193+ Internships | 82130 Companies

Source page: https://internship.aicte-india.org/

============================================================
2026-06-14T09:39:10.992979
🔔 AICTE Internship Portal

🆕 [New scheme announced] 1 Crore Internship By 2027 | 79,57,193+ Internships | 82131 Companies

Source page: https://internship.aicte-india.org/

============================================================
2026-06-14T14:05:42.317002
🔔 AICTE Internship Portal

🆕 [New scheme announced] 1 Crore Internship By 2027 | 79,57,193+ Internships | 82134 Companies

Source page: https://internship.aicte-india.org/

============================================================
2026-06-14T14:07:32.546105
🔔 NTA - National Testing Agency

⚙️ [Rule / stipend change] Opening of Bank Account Re-confirmation/Correction Window for Refund of NEET (UG) 2026 Examination Fee (Examination held on 03 May 2026) - OTP-Based Two-Factor Authentication Mandatory

Source page: https://www.nta.ac.in/
